<?xml version="1.0" encoding="UTF-8"?>
<testsuite name="Scenario: Verify minimum and maximum temperature" time="80.888" tests="8" errors="0" skipped="0" failures="0">
  <properties>
[...]
</properties>
  <testcase name="Given I am on DarkSky Home Page" classname="Scenario: Verify minimum and maximum temperature" time="10.092"/>
  <testcase name="When I click on today button on home page" classname="Scenario: Verify minimum and maximum temperature" time="10.006"/>
  <testcase name="And I get temperatures on home page" classname="Scenario: Verify minimum and maximum temperature" time="10.007"/>
  <testcase name="And I get minimum temperatures on home page" classname="Scenario: Verify minimum and maximum temperature" time="10.007"/>
  <testcase name="And I get maximum temperatures on home page" classname="Scenario: Verify minimum and maximum temperature" time="10.009"/>
  <testcase name="Then I verify minimum temperature on home page" classname="Scenario: Verify minimum and maximum temperature" time="10.007"/>
  <testcase name="Then I verify maximum temperature on home page" classname="Scenario: Verify minimum and maximum temperature" time="10.009"/>
  <testcase name="Scenario: Verify minimum and maximum temperature" classname="Scenario: Verify minimum and maximum temperature" time="10.751"/>
</testsuite>